#
# There is insufficient memory for the Java Runtime Environment to continue.
# Native memory allocation (malloc) failed to allocate 524288 bytes for AllocateHeap
# Possible reasons:
#   The system is out of physical RAM or swap space
#   The process is running with CompressedOops enabled, and the Java Heap may be blocking the growth of the native heap
# Possible solutions:
#   Reduce memory load on the system
#   Increase physical memory or swap space
#   Check if swap backing store is full
#   Decrease Java heap size (-Xmx/-Xms)
#   Decrease number of Java threads
#   Decrease Java thread stack sizes (-Xss)
#   Set larger code cache with -XX:ReservedCodeCacheSize=
#   JVM is running with Unscaled Compressed Oops mode in which the Java heap is
#     placed in the first 4GB address space. The Java Heap base address is the
#     maximum limit for the native heap growth. Please use -XX:HeapBaseMinAddress
#     to set the Java Heap base and to place the Java Heap above 4GB virtual address.
# This output file may be truncated or incomplete.
#
#  Out of Memory Error (./open/src/hotspot/share/memory/allocation.cpp:46), pid=25800, tid=26164
#
# JRE version:  (11.0.9+7) (build )
# Java VM: Java HotSpot(TM) 64-Bit Server VM (11.0.9+7-LTS, mixed mode, tiered, compressed oops, g1 gc, windows-amd64)
# No core dump will be written. Minidumps are not enabled by default on client versions of Windows
#

---------------  S U M M A R Y ------------

Command Line: -agentlib:jdwp=transport=dt_socket,suspend=y,address=localhost:60550 -javaagent:C:\Users\Ni3\eclipse\jee-photon\eclipse\configuration\org.eclipse.osgi\418\0\.cp\lib\javaagent-shaded.jar -Dfile.encoding=Cp1252 com.problemsolving.arrays.CommonElement

Host: AMD Ryzen 5 2500U with Radeon Vega Mobile Gfx  , 8 cores, 6G,  Windows 10 , 64 bit Build 18362 (10.0.18362.1350)
Time: Sun Mar  7 15:38:55 2021 India Standard Time elapsed time: 8.246799 seconds (0d 0h 0m 8s)

---------------  T H R E A D  ---------------

Current thread (0x0000021d8ce4f000):  JavaThread "Unknown thread" [_thread_in_vm, id=26164, stack(0x000000e2f6400000,0x000000e2f6500000)]

Stack: [0x000000e2f6400000,0x000000e2f6500000]
Native frames: (J=compiled Java code, j=interpreted, Vv=VM code, C=native code)
V  [jvm.dll+0x611a3a]
V  [jvm.dll+0x748aaf]
V  [jvm.dll+0x74a135]
V  [jvm.dll+0x74a7b3]
V  [jvm.dll+0x2439f8]
V  [jvm.dll+0xb0f14]
V  [jvm.dll+0x6a2802]
V  [jvm.dll+0x6a2797]
V  [jvm.dll+0x6a290a]
V  [jvm.dll+0x723d52]
V  [jvm.dll+0x72642e]
V  [jvm.dll+0x34af59]
V  [jvm.dll+0x70a4a0]
V  [jvm.dll+0x3b415f]
V  [jvm.dll+0x3b6201]
C  [jli.dll+0x520b]
C  [ucrtbase.dll+0x210b2]
C  [KERNEL32.DLL+0x17c24]
C  [ntdll.dll+0x6d721]


---------------  P R O C E S S  ---------------

Threads class SMR info:
_java_thread_list=0x0000021d8ab108c0, length=0, elements={
}

Java Threads: ( => current thread )

Other Threads:
  0x0000021d8ce67000 GCTaskThread "GC Thread#0" [stack: 0x000000e2f6500000,0x000000e2f6600000] [id=27384]
  0x0000021d8ce94800 ConcurrentGCThread "G1 Main Marker" [stack: 0x000000e2f6600000,0x000000e2f6700000] [id=27388]
  0x0000021d8ce95800 ConcurrentGCThread "G1 Conc#0" [stack: 0x000000e2f6700000,0x000000e2f6800000] [id=27392]
  0x0000021dab03a800 ConcurrentGCThread "G1 Refine#0" [stack: 0x000000e2f6800000,0x000000e2f6900000] [id=27516]
  0x0000021d8cf0e000 ConcurrentGCThread "G1 Young RemSet Sampling" [stack: 0x000000e2f6900000,0x000000e2f6a00000] [id=27520]

=>0x0000021d8ce4f000 (exited) JavaThread "Unknown thread" [_thread_in_vm, id=26164, stack(0x000000e2f6400000,0x000000e2f6500000)]

Threads with active compile tasks:

VM state:not at safepoint (not fully initialized)

VM Mutex/Monitor currently owned by a thread: None

Heap address: 0x0000000091800000, size: 1768 MB, Compressed Oops mode: 32-bit
Narrow klass base: 0x0000000000000000, Narrow klass shift: 3
Compressed class space size: 1073741824 Address: 0x0000000100000000

GC Heap History (0 events):
No events

Deoptimization events (0 events):
No events

Classes redefined (0 events):
No events

Internal exceptions (0 events):
No events

Events (0 events):
No events


Dynamic libraries:
0x00007ff6189d0000 - 0x00007ff6189df000 	C:\Program Files\Java\jdk-11.0.9\bin\javaw.exe
0x00007ffcee180000 - 0x00007ffcee370000 	C:\WINDOWS\SYSTEM32\ntdll.dll
0x00007ffcecd30000 - 0x00007ffcecde2000 	C:\WINDOWS\System32\KERNEL32.DLL
0x00007ffcebc10000 - 0x00007ffcebeb5000 	C:\WINDOWS\System32\KERNELBASE.dll
0x00007ffcec060000 - 0x00007ffcec15a000 	C:\WINDOWS\System32\ucrtbase.dll
0x00007ffce6ec0000 - 0x00007ffce6ed8000 	C:\Program Files\Java\jdk-11.0.9\bin\jli.dll
0x00007ffced4f0000 - 0x00007ffced593000 	C:\WINDOWS\System32\ADVAPI32.dll
0x00007ffcedf00000 - 0x00007ffcedf9e000 	C:\WINDOWS\System32\msvcrt.dll
0x00007ffcec300000 - 0x00007ffcec397000 	C:\WINDOWS\System32\sechost.dll
0x00007ffced3d0000 - 0x00007ffced4ef000 	C:\WINDOWS\System32\RPCRT4.dll
0x00007ffcedfa0000 - 0x00007ffcee134000 	C:\WINDOWS\System32\USER32.dll
0x00007ffcebb60000 - 0x00007ffcebb81000 	C:\WINDOWS\System32\win32u.dll
0x00007ffcecc80000 - 0x00007ffcecca6000 	C:\WINDOWS\System32\GDI32.dll
0x00007ffcebec0000 - 0x00007ffcec058000 	C:\WINDOWS\System32\gdi32full.dll
0x00007ffcec160000 - 0x00007ffcec1fe000 	C:\WINDOWS\System32\msvcp_win.dll
0x00007ffcdff70000 - 0x00007ffcdff85000 	C:\Program Files\Java\jdk-11.0.9\bin\VCRUNTIME140.dll
0x00007ffcdbb50000 - 0x00007ffcdbdd4000 	C:\WINDOWS\WinSxS\amd64_microsoft.windows.common-controls_6595b64144ccf1df_6.0.18362.1379_none_9e7ff3b3e45cc0c4\COMCTL32.dll
0x00007ffcec940000 - 0x00007ffcecc77000 	C:\WINDOWS\System32\combase.dll
0x00007ffceb8d0000 - 0x00007ffceb951000 	C:\WINDOWS\System32\bcryptPrimitives.dll
0x00007ffce0110000 - 0x00007ffce011a000 	C:\WINDOWS\SYSTEM32\VERSION.dll
0x00007ffcec4a0000 - 0x00007ffcec4ce000 	C:\WINDOWS\System32\IMM32.DLL
0x00007ffccb3b0000 - 0x00007ffccb4c8000 	C:\Program Files (x86)\Citrix\ICA Client\epclient64.dll
0x00007ffcea050000 - 0x00007ffcea081000 	C:\WINDOWS\SYSTEM32\ntmarta.dll
0x00007ffc9d770000 - 0x00007ffc9d80b000 	C:\Program Files\Java\jdk-11.0.9\bin\msvcp140.dll
0x00007ffc8d470000 - 0x00007ffc8df67000 	C:\Program Files\Java\jdk-11.0.9\bin\server\jvm.dll
0x00007ffcec470000 - 0x00007ffcec478000 	C:\WINDOWS\System32\PSAPI.DLL
0x00007ffce78b0000 - 0x00007ffce78b9000 	C:\WINDOWS\SYSTEM32\WSOCK32.dll
0x00007ffceddc0000 - 0x00007ffcede2f000 	C:\WINDOWS\System32\WS2_32.dll
0x00007ffce7800000 - 0x00007ffce7824000 	C:\WINDOWS\SYSTEM32\WINMM.dll
0x00007ffce77d0000 - 0x00007ffce77fd000 	C:\WINDOWS\SYSTEM32\WINMMBASE.dll
0x00007ffceb100000 - 0x00007ffceb14a000 	C:\WINDOWS\System32\cfgmgr32.dll
0x00007ffceb0b0000 - 0x00007ffceb0c1000 	C:\WINDOWS\System32\kernel.appcore.dll
0x00007ffcd3b40000 - 0x00007ffcd3b50000 	C:\Program Files\Java\jdk-11.0.9\bin\verify.dll
0x00007ffce9750000 - 0x00007ffce9944000 	C:\WINDOWS\SYSTEM32\DBGHELP.DLL
0x00007ffcd4b00000 - 0x00007ffcd4b2a000 	C:\WINDOWS\SYSTEM32\dbgcore.DLL
0x00007ffccce60000 - 0x00007ffccce88000 	C:\Program Files\Java\jdk-11.0.9\bin\java.dll
0x00007ffcd3a40000 - 0x00007ffcd3a4a000 	C:\Program Files\Java\jdk-11.0.9\bin\jimage.dll
0x00007ffce7640000 - 0x00007ffce7678000 	C:\Program Files\Java\jdk-11.0.9\bin\jdwp.dll
0x00007ffce7d60000 - 0x00007ffce7d6e000 	C:\Program Files\Java\jdk-11.0.9\bin\instrument.dll
0x00007ffccce40000 - 0x00007ffccce56000 	C:\Program Files\Java\jdk-11.0.9\bin\zip.dll

dbghelp: loaded successfully - version: 4.0.5 - missing functions: none
symbol engine: initialized successfully - sym options: 0x614 - pdb path: .;C:\Program Files\Java\jdk-11.0.9\bin;C:\WINDOWS\SYSTEM32;C:\WINDOWS\WinSxS\amd64_microsoft.windows.common-controls_6595b64144ccf1df_6.0.18362.1379_none_9e7ff3b3e45cc0c4;C:\Program Files (x86)\Citrix\ICA Client;C:\Program Files\Java\jdk-11.0.9\bin\server

VM Arguments:
jvm_args: -agentlib:jdwp=transport=dt_socket,suspend=y,address=localhost:60550 -javaagent:C:\Users\Ni3\eclipse\jee-photon\eclipse\configuration\org.eclipse.osgi\418\0\.cp\lib\javaagent-shaded.jar -Dfile.encoding=Cp1252 
java_command: com.problemsolving.arrays.CommonElement
java_class_path (initial): D:\DSA\bin
Launcher Type: SUN_STANDARD

[Global flags]
     intx CICompilerCount                          = 4                                         {product} {ergonomic}
     uint ConcGCThreads                            = 2                                         {product} {ergonomic}
     uint G1ConcRefinementThreads                  = 8                                         {product} {ergonomic}
   size_t G1HeapRegionSize                         = 1048576                                   {product} {ergonomic}
    uintx GCDrainStackTargetSize                   = 64                                        {product} {ergonomic}
   size_t InitialHeapSize                          = 117440512                                 {product} {ergonomic}
   size_t MarkStackSize                            = 4194304                                   {product} {ergonomic}
   size_t MaxHeapSize                              = 1853882368                                {product} {ergonomic}
   size_t MaxNewSize                               = 1111490560                                {product} {ergonomic}
   size_t MinHeapDeltaBytes                        = 1048576                                   {product} {ergonomic}
    uintx NonNMethodCodeHeapSize                   = 5836300                                {pd product} {ergonomic}
    uintx NonProfiledCodeHeapSize                  = 122910970                              {pd product} {ergonomic}
    uintx ProfiledCodeHeapSize                     = 122910970                              {pd product} {ergonomic}
    uintx ReservedCodeCacheSize                    = 251658240                              {pd product} {ergonomic}
     bool SegmentedCodeCache                       = true                                      {product} {ergonomic}
     bool UseCompressedClassPointers               = true                                 {lp64_product} {ergonomic}
     bool UseCompressedOops                        = true                                 {lp64_product} {ergonomic}
     bool UseG1GC                                  = true                                      {product} {ergonomic}
     bool UseLargePagesIndividualAllocation        = false                                  {pd product} {ergonomic}

Logging:
Log output configuration:
 #0: stdout all=warning uptime,level,tags
 #1: stderr all=off uptime,level,tags

Environment Variables:
JAVA_HOME=C:\Program Files\Java\jdk-11.0.9
PATH=C:\Program Files\Common Files\Oracle\Java\javapath;C:\Python38\Scripts\;C:\Python38\;C:\Program Files (x86)\Common Files\Oracle\Java\javapath;C:\WINDOWS\system32;C:\WINDOWS;C:\WINDOWS\System32\Wbem;C:\WINDOWS\System32\WindowsPowerShell\v1.0\;C:\WINDOWS\System32\OpenSSH\;C:\Program Files\Java\jdk-10.0.2\bin;C:\Program Files\dotnet\;C:\Program Files\Git\cmd;C:\Program Files\nodejs\;C:\ProgramData\chocolatey\bin;D:\Development\apache-maven-3.6.3\bin;C:\Program Files (x86)\Yarn\bin\;C:\Program Files\PostgreSQL\13\bin;C:\WINDOWS\system32;C:\WINDOWS;C:\WINDOWS\System32\Wbem;C:\WINDOWS\System32\WindowsPowerShell\v1.0\;C:\WINDOWS\System32\OpenSSH\;C:\Users\Ni3\AppData\Local\Microsoft\WindowsApps;C:\Program Files\JetBrains\PyCharm Community Edition 2019.1.1\bin;C:\Program Files\Java\jdk-10.0.2\bin;C:\Users\Ni3\AppData\Local\Microsoft\WindowsApps;C:\Users\Ni3\AppData\Local\GitHubDesktop\bin;C:\Users\Ni3\AppData\Roaming\npm;D:\Development\apache-maven-3.6.3\bin;;C:\Users\Ni3\AppData\Local\Programs\Microsoft VS Code\bin;C:\Users\Ni3\AppData\Local\Yarn\bin
USERNAME=Ni3
OS=Windows_NT
PROCESSOR_IDENTIFIER=AMD64 Family 23 Model 17 Stepping 0, AuthenticAMD



---------------  S Y S T E M  ---------------

OS: Windows 10 , 64 bit Build 18362 (10.0.18362.1350)

CPU:total 8 (initial active 8) (8 cores per cpu, 2 threads per core) family 23 model 17 stepping 0, cmov, cx8, fxsr, mmx, sse, sse2, sse3, ssse3, sse4.1, sse4.2, popcnt, avx, avx2, aes, clmul, mmxext, 3dnowpref, lzcnt, sse4a, ht, tsc, tscinvbit, tscinv, bmi1, bmi2, adx, sha, fma

Memory: 4k page, system-wide physical 7069M (295M free)
TotalPageFile size 28573M (AvailPageFile size 344M)
current process WorkingSet (physical memory assigned to process): 16M, peak: 16M
current process commit charge ("private bytes"): 178M, peak: 179M

vm_info: Java HotSpot(TM) 64-Bit Server VM (11.0.9+7-LTS) for windows-amd64 JRE (11.0.9+7-LTS), built on Sep 15 2020 16:47:03 by "mach5one" with MS VC++ 15.9 (VS2017)

END.
